Arguments: 
  C:\Program Files\nodejs\node.exe C:\Users\Nahuel\.node\corepack\yarn\1.22.15\bin\yarn.js add i18next

PATH: 
  C:\Windows\system32;C:\Windows;C:\Windows\System32\Wbem;C:\Windows\System32\WindowsPowerShell\v1.0\;C:\Windows\System32\OpenSSH\;C:\Program Files\nodejs\;C:\ProgramData\chocolatey\bin;C:\Program Files\OpenJDK\openjdk-11.0.13_8\bin;C:\Program Files\Git\cmd;C:\Users\Nahuel\AppData\Local\Programs\Python\Python310\Scripts\;C:\Users\Nahuel\AppData\Local\Programs\Python\Python310\;C:\Users\Nahuel\AppData\Local\Microsoft\WindowsApps;C:\Users\Nahuel\AppData\Local\Programs\Microsoft VS Code\bin;C:\Users\Nahuel\AppData\Roaming\npm;C:\Users\Nahuel\AppData\Local\Android\Sdk\platform-tools;

Yarn version: 
  1.22.15

Node version: 
  16.14.0

Platform: 
  win32 x64

Trace: 
  Error: EPERM: operation not permitted, unlink 'D:\SEBASTIANDIAZ.COM.AR\React Projects\router-tutorial\node_modules\esbuild-windows-64\esbuild.exe'

npm manifest: 
  {
    "name": "router-tutorial",
    "version": "0.0.0",
    "scripts": {
      "dev": "vite",
      "build": "tsc && vite build",
      "preview": "vite preview"
    },
    "dependencies": {
      "@fortawesome/fontawesome-svg-core": "^1.3.0",
      "@fortawesome/free-brands-svg-icons": "^6.0.0",
      "@fortawesome/free-regular-svg-icons": "^6.0.0",
      "@fortawesome/free-solid-svg-icons": "^6.0.0",
      "@fortawesome/react-fontawesome": "^0.1.17",
      "firebase": "^9.6.5",
      "framer-motion": "^6.2.3",
      "react": "^17.0.2",
      "react-dom": "^17.0.2",
      "react-responsive-carousel": "^3.2.23",
      "react-router-dom": "^6.2.1",
      "zustand": "^3.6.9"
    },
    "devDependencies": {
      "@types/react": "^17.0.33",
      "@types/react-dom": "^17.0.10",
      "@vitejs/plugin-react": "^1.0.7",
      "typescript": "^4.4.4",
      "vite": "^2.7.2"
    }
  }

yarn manifest: 
  No manifest

Lockfile: 
  No lockfile
